<?xml version="1.0" encoding="UTF-8"?>
<testsuite name="com.example.DevHomeWork10.CrudServiceTests" tests="1" skipped="0" failures="0" errors="0" timestamp="2023-08-10T12:57:05" hostname="DESKTOP-DEB41DV" time="0.169">
  <properties/>
  <testcase name="testPlanetCrudOperations()" classname="com.example.DevHomeWork10.CrudServiceTests" time="0.169"/>
  <system-out><![CDATA[15:57:03.072 [Test worker] DEBUG org.springframework.test.context.BootstrapUtils - Instantiating CacheAwareContextLoaderDelegate from class [org.springframework.test.context.cache.DefaultCacheAwareContextLoaderDelegate]
15:57:03.080 [Test worker] DEBUG org.springframework.test.context.BootstrapUtils - Instantiating BootstrapContext using constructor [public org.springframework.test.context.support.DefaultBootstrapContext(java.lang.Class,org.springframework.test.context.CacheAwareContextLoaderDelegate)]
15:57:03.106 [Test worker] DEBUG org.springframework.test.context.BootstrapUtils - Instantiating TestContextBootstrapper for test class [com.example.DevHomeWork10.CrudServiceTests] from class [org.springframework.boot.test.context.SpringBootTestContextBootstrapper]
15:57:03.115 [Test worker] INFO org.springframework.boot.test.context.SpringBootTestContextBootstrapper - Neither @ContextConfiguration nor @ContextHierarchy found for test class [com.example.DevHomeWork10.CrudServiceTests], using SpringBootContextLoader
15:57:03.117 [Test worker] DEBUG org.springframework.test.context.support.AbstractContextLoader - Did not detect default resource location for test class [com.example.DevHomeWork10.CrudServiceTests]: class path resource [com/example/DevHomeWork10/CrudServiceTests-context.xml] does not exist
15:57:03.117 [Test worker] DEBUG org.springframework.test.context.support.AbstractContextLoader - Did not detect default resource location for test class [com.example.DevHomeWork10.CrudServiceTests]: class path resource [com/example/DevHomeWork10/CrudServiceTestsContext.groovy] does not exist
15:57:03.117 [Test worker] INFO org.springframework.test.context.support.AbstractContextLoader - Could not detect default resource locations for test class [com.example.DevHomeWork10.CrudServiceTests]: no resource found for suffixes {-context.xml, Context.groovy}.
15:57:03.118 [Test worker] INFO org.springframework.test.context.support.AnnotationConfigContextLoaderUtils - Could not detect default configuration classes for test class [com.example.DevHomeWork10.CrudServiceTests]: CrudServiceTests does not declare any static, non-private, non-final, nested classes annotated with @Configuration.
15:57:03.149 [Test worker] DEBUG org.springframework.test.context.support.ActiveProfilesUtils - Could not find an 'annotation declaring class' for annotation type [org.springframework.test.context.ActiveProfiles] and class [com.example.DevHomeWork10.CrudServiceTests]
15:57:03.185 [Test worker] DEBUG org.springframework.context.annotation.ClassPathScanningCandidateComponentProvider - Identified candidate component class: file [F:\Bot\DevHomeWork10\build\classes\java\main\com\example\DevHomeWork10\DevHomeWork10Application.class]
15:57:03.187 [Test worker] INFO org.springframework.boot.test.context.SpringBootTestContextBootstrapper - Found @SpringBootConfiguration com.example.DevHomeWork10.DevHomeWork10Application for test class com.example.DevHomeWork10.CrudServiceTests
15:57:03.247 [Test worker] DEBUG org.springframework.boot.test.context.SpringBootTestContextBootstrapper - @TestExecutionListeners is not present for class [com.example.DevHomeWork10.CrudServiceTests]: using defaults.
15:57:03.247 [Test worker] INFO org.springframework.boot.test.context.SpringBootTestContextBootstrapper - Loaded default TestExecutionListener class names from location [META-INF/spring.factories]: [org.springframework.boot.test.autoconfigure.restdocs.RestDocsTestExecutionListener, org.springframework.boot.test.autoconfigure.web.client.MockRestServiceServerResetTestExecutionListener, org.springframework.boot.test.autoconfigure.web.servlet.MockMvcPrintOnlyOnFailureTestExecutionListener, org.springframework.boot.test.autoconfigure.web.servlet.WebDriverTestExecutionListener, org.springframework.boot.test.autoconfigure.webservices.client.MockWebServiceServerTestExecutionListener, org.springframework.boot.test.mock.mockito.MockitoTestExecutionListener, org.springframework.boot.test.mock.mockito.ResetMocksTestExecutionListener, org.springframework.test.context.web.ServletTestExecutionListener, org.springframework.test.context.support.DirtiesContextBeforeModesTestExecutionListener, org.springframework.test.context.event.ApplicationEventsTestExecutionListener, org.springframework.test.context.support.DependencyInjectionTestExecutionListener, org.springframework.test.context.support.DirtiesContextTestExecutionListener, org.springframework.test.context.transaction.TransactionalTestExecutionListener, org.springframework.test.context.jdbc.SqlScriptsTestExecutionListener, org.springframework.test.context.event.EventPublishingTestExecutionListener]
15:57:03.256 [Test worker] DEBUG org.springframework.boot.test.context.SpringBootTestContextBootstrapper - Skipping candidate TestExecutionListener [org.springframework.test.context.web.ServletTestExecutionListener] due to a missing dependency. Specify custom listener classes or make the default listener classes and their required dependencies available. Offending class: [javax/servlet/ServletContext]
15:57:03.262 [Test worker] INFO org.springframework.boot.test.context.SpringBootTestContextBootstrapper - Using TestExecutionListeners: [org.springframework.test.context.support.DirtiesContextBeforeModesTestExecutionListener@119f1f2a, org.springframework.test.context.event.ApplicationEventsTestExecutionListener@1a1da881, org.springframework.boot.test.mock.mockito.MockitoTestExecutionListener@5b970f7, org.springframework.boot.test.autoconfigure.SpringBootDependencyInjectionTestExecutionListener@7fd4acee, org.springframework.test.context.support.DirtiesContextTestExecutionListener@165b8a71, org.springframework.test.context.transaction.TransactionalTestExecutionListener@6175619b, org.springframework.test.context.jdbc.SqlScriptsTestExecutionListener@2f058b8a, org.springframework.test.context.event.EventPublishingTestExecutionListener@756cf158, org.springframework.boot.test.autoconfigure.restdocs.RestDocsTestExecutionListener@3f2ef586, org.springframework.boot.test.autoconfigure.web.client.MockRestServiceServerResetTestExecutionListener@751d3241, org.springframework.boot.test.autoconfigure.web.servlet.MockMvcPrintOnlyOnFailureTestExecutionListener@76c7beb3, org.springframework.boot.test.autoconfigure.web.servlet.WebDriverTestExecutionListener@64337702, org.springframework.boot.test.autoconfigure.webservices.client.MockWebServiceServerTestExecutionListener@2cf92cc7, org.springframework.boot.test.mock.mockito.ResetMocksTestExecutionListener@30ea8c23]
15:57:03.265 [Test worker] DEBUG org.springframework.test.context.support.AbstractDirtiesContextTestExecutionListener - Before test class: context [DefaultTestContext@70dd7e15 testClass = CrudServiceTests, testInstance = [null], testMethod = [null], testException = [null], mergedContextConfiguration = [MergedContextConfiguration@4a9f80d3 testClass = CrudServiceTests, locations = '{}', classes = '{class com.example.DevHomeWork10.DevHomeWork10Application}', contextInitializerClasses = '[]', activeProfiles = '{}', propertySourceLocations = '{}', propertySourceProperties = '{org.springframework.boot.test.context.SpringBootTestContextBootstrapper=true}', contextCustomizers = set[org.springframework.boot.test.autoconfigure.actuate.metrics.MetricsExportContextCustomizerFactory$DisableMetricExportContextCustomizer@1b835480, org.springframework.boot.test.autoconfigure.properties.PropertyMappingContextCustomizer@0, org.springframework.boot.test.autoconfigure.web.servlet.WebDriverContextCustomizerFactory$Customizer@149dd36b, org.springframework.boot.test.context.filter.ExcludeFilterContextCustomizer@691939c9, org.springframework.boot.test.json.DuplicateJsonObjectContextCustomizerFactory$DuplicateJsonObjectContextCustomizer@61a88b8c, org.springframework.boot.test.mock.mockito.MockitoContextCustomizer@0, org.springframework.boot.test.web.client.TestRestTemplateContextCustomizer@22bac7bc, org.springframework.boot.test.context.SpringBootTestArgs@1, org.springframework.boot.test.context.SpringBootTestWebEnvironment@4d465b11], contextLoader = 'org.springframework.boot.test.context.SpringBootContextLoader', parent = [null]], attributes = map[[empty]]], class annotated with @DirtiesContext [false] with mode [null].
15:57:03.273 [Test worker] DEBUG org.springframework.test.context.support.DependencyInjectionTestExecutionListener - Performing dependency injection for test context [[DefaultTestContext@70dd7e15 testClass = CrudServiceTests, testInstance = com.example.DevHomeWork10.CrudServiceTests@1e5f4170, testMethod = [null], testException = [null], mergedContextConfiguration = [MergedContextConfiguration@4a9f80d3 testClass = CrudServiceTests, locations = '{}', classes = '{class com.example.DevHomeWork10.DevHomeWork10Application}', contextInitializerClasses = '[]', activeProfiles = '{}', propertySourceLocations = '{}', propertySourceProperties = '{org.springframework.boot.test.context.SpringBootTestContextBootstrapper=true}', contextCustomizers = set[org.springframework.boot.test.autoconfigure.actuate.metrics.MetricsExportContextCustomizerFactory$DisableMetricExportContextCustomizer@1b835480, org.springframework.boot.test.autoconfigure.properties.PropertyMappingContextCustomizer@0, org.springframework.boot.test.autoconfigure.web.servlet.WebDriverContextCustomizerFactory$Customizer@149dd36b, org.springframework.boot.test.context.filter.ExcludeFilterContextCustomizer@691939c9, org.springframework.boot.test.json.DuplicateJsonObjectContextCustomizerFactory$DuplicateJsonObjectContextCustomizer@61a88b8c, org.springframework.boot.test.mock.mockito.MockitoContextCustomizer@0, org.springframework.boot.test.web.client.TestRestTemplateContextCustomizer@22bac7bc, org.springframework.boot.test.context.SpringBootTestArgs@1, org.springframework.boot.test.context.SpringBootTestWebEnvironment@4d465b11], contextLoader = 'org.springframework.boot.test.context.SpringBootContextLoader', parent = [null]], attributes = map['org.springframework.test.context.event.ApplicationEventsTestExecutionListener.recordApplicationEvents' -> false]]].

  .   ____          _            __ _ _
 /\\ / ___'_ __ _ _(_)_ __  __ _ \ \ \ \
( ( )\___ | '_ | '_| | '_ \/ _` | \ \ \ \
 \\/  ___)| |_)| | | | | || (_| |  ) ) ) )
  '  |____| .__|_| |_|_| |_\__, | / / / /
 =========|_|==============|___/=/_/_/_/
 :: Spring Boot ::               (v2.7.13)

2023-08-10 15:57:03.461  INFO 15804 --- [    Test worker] c.e.DevHomeWork10.CrudServiceTests       : Starting CrudServiceTests using Java 19.0.2 on DESKTOP-DEB41DV with PID 15804 (started by Саша in F:\Bot\DevHomeWork10)
2023-08-10 15:57:03.462  INFO 15804 --- [    Test worker] c.e.DevHomeWork10.CrudServiceTests       : No active profile set, falling back to 1 default profile: "default"
2023-08-10 15:57:03.738  INFO 15804 --- [    Test worker] .s.d.r.c.RepositoryConfigurationDelegate : Multiple Spring Data modules found, entering strict repository configuration mode
2023-08-10 15:57:03.739  INFO 15804 --- [    Test worker] .s.d.r.c.RepositoryConfigurationDelegate : Bootstrapping Spring Data JDBC repositories in DEFAULT mode.
2023-08-10 15:57:03.762  INFO 15804 --- [    Test worker] .RepositoryConfigurationExtensionSupport : Spring Data JDBC - Could not safely identify store assignment for repository candidate interface com.example.DevHomeWork10.ClientRepository; If you want this repository to be a JDBC repository, consider annotating your entities with one of these annotations: org.springframework.data.relational.core.mapping.Table.
2023-08-10 15:57:03.763  INFO 15804 --- [    Test worker] .RepositoryConfigurationExtensionSupport : Spring Data JDBC - Could not safely identify store assignment for repository candidate interface com.example.DevHomeWork10.PlanetRepository; If you want this repository to be a JDBC repository, consider annotating your entities with one of these annotations: org.springframework.data.relational.core.mapping.Table.
2023-08-10 15:57:03.764  INFO 15804 --- [    Test worker] .s.d.r.c.RepositoryConfigurationDelegate : Finished Spring Data repository scanning in 20 ms. Found 0 JDBC repository interfaces.
2023-08-10 15:57:03.775  INFO 15804 --- [    Test worker] .s.d.r.c.RepositoryConfigurationDelegate : Multiple Spring Data modules found, entering strict repository configuration mode
2023-08-10 15:57:03.776  INFO 15804 --- [    Test worker] .s.d.r.c.RepositoryConfigurationDelegate : Bootstrapping Spring Data JPA repositories in DEFAULT mode.
2023-08-10 15:57:03.797  INFO 15804 --- [    Test worker] .s.d.r.c.RepositoryConfigurationDelegate : Finished Spring Data repository scanning in 17 ms. Found 2 JPA repository interfaces.
2023-08-10 15:57:04.123  INFO 15804 --- [    Test worker] o.f.c.internal.license.VersionPrinter    : Flyway Community Edition 8.5.13 by Redgate
2023-08-10 15:57:04.123  INFO 15804 --- [    Test worker] o.f.c.internal.license.VersionPrinter    : See what's new here: https://flywaydb.org/documentation/learnmore/releaseNotes#8.5.13
2023-08-10 15:57:04.123  INFO 15804 --- [    Test worker] o.f.c.internal.license.VersionPrinter    : 
2023-08-10 15:57:04.130  INFO 15804 --- [    Test worker] com.zaxxer.hikari.HikariDataSource       : HikariPool-1 - Starting...
2023-08-10 15:57:04.241  INFO 15804 --- [    Test worker] com.zaxxer.hikari.HikariDataSource       : HikariPool-1 - Start completed.
2023-08-10 15:57:04.248  INFO 15804 --- [    Test worker] o.f.c.i.database.base.BaseDatabaseType   : Database: jdbc:h2:mem:170b7374-1fc4-4d7b-bbd6-fde2464da38f (H2 1.4)
2023-08-10 15:57:04.292  INFO 15804 --- [    Test worker] o.f.core.internal.command.DbValidate     : Successfully validated 2 migrations (execution time 00:00.015s)
2023-08-10 15:57:04.302  INFO 15804 --- [    Test worker] o.f.c.i.s.JdbcTableSchemaHistory         : Creating Schema History table "PUBLIC"."flyway_schema_history" ...
2023-08-10 15:57:04.337  INFO 15804 --- [    Test worker] o.f.core.internal.command.DbMigrate      : Current version of schema "PUBLIC": << Empty Schema >>
2023-08-10 15:57:04.343  INFO 15804 --- [    Test worker] o.f.core.internal.command.DbMigrate      : Migrating schema "PUBLIC" to version "1 - create db"
2023-08-10 15:57:04.369  INFO 15804 --- [    Test worker] o.f.core.internal.command.DbMigrate      : Migrating schema "PUBLIC" to version "2 - populate db"
2023-08-10 15:57:04.384  INFO 15804 --- [    Test worker] o.f.core.internal.command.DbMigrate      : Successfully applied 2 migrations to schema "PUBLIC", now at version v2 (execution time 00:00.053s)
2023-08-10 15:57:04.505  INFO 15804 --- [    Test worker] o.hibernate.jpa.internal.util.LogHelper  : HHH000204: Processing PersistenceUnitInfo [name: default]
2023-08-10 15:57:04.546  INFO 15804 --- [    Test worker] org.hibernate.Version                    : HHH000412: Hibernate ORM core version 5.5.6.Final
2023-08-10 15:57:04.548  INFO 15804 --- [    Test worker] org.hibernate.cfg.Environment            : HHH000205: Loaded properties from resource hibernate.properties: {hibernate.connection.driver_class=org.h2.Driver, hibernate.dialect=org.hibernate.dialect.H2Dialect, hibernate.connection.url=jdbc:h2:./mydb;TRACE_LEVEL_SYSTEM_OUT=3, hibernate.bytecode.use_reflection_optimizer=false, hibernate.connection.pool_size=10, hibernate.connection.autocommit=true}
2023-08-10 15:57:04.679  INFO 15804 --- [    Test worker] o.hibernate.annotations.common.Version   : HCANN000001: Hibernate Commons Annotations {5.1.2.Final}
2023-08-10 15:57:04.766  INFO 15804 --- [    Test worker] org.hibernate.dialect.Dialect            : HHH000400: Using dialect: org.hibernate.dialect.H2Dialect
2023-08-10 15:57:05.142  INFO 15804 --- [    Test worker] o.h.e.t.j.p.i.JtaPlatformInitiator       : HHH000490: Using JtaPlatform implementation: [org.hibernate.engine.transaction.jta.platform.internal.NoJtaPlatform]
2023-08-10 15:57:05.148  INFO 15804 --- [    Test worker] j.LocalContainerEntityManagerFactoryBean : Initialized JPA EntityManagerFactory for persistence unit 'default'
2023-08-10 15:57:05.573  INFO 15804 --- [    Test worker] c.e.DevHomeWork10.CrudServiceTests       : Started CrudServiceTests in 2.286 seconds (JVM running for 3.142)
]]></system-out>
  <system-err><![CDATA[]]></system-err>
</testsuite>
